{
  "RSpec": {
    "coverage": {
      "/Users/darren/Desktop/todos/config/environment.rb": [
        null,
        1,
        null,
        null,
        1
      ],
      "/Users/darren/Desktop/todos/config/application.rb": [
        1,
        null,
        1,
        null,
        null,
        null,
        1,
        null,
        1,
        null,
        1,
        null,
        1,
        1,
        1,
        1,
        1,
        1,
        null,
        null,
        null,
        null,
        null,
        null,
        null
      ],
      "/Users/darren/Desktop/todos/config/boot.rb": [
        1,
        null,
        1,
        1
      ],
      "/Users/darren/Desktop/todos/config/environments/test.rb": [
        1,
        null,
        null,
        null,
        null,
        null,
        null,
        1,
        null,
        null,
        null,
        null,
        1,
        null,
        null,
        1,
        1,
        null,
        null,
        null,
        null,
        1,
        1,
        null,
        null,
        1,
        null,
        null,
        1,
        null,
        null,
        1,
        null,
        1,
        null,
        null,
        null,
        null,
        1,
        null,
        null,
        1,
        null,
        null,
        null,
        null
      ],
      "/Users/darren/Desktop/todos/config/initializers/application_controller_renderer.rb": [
        null,
        null,
        null,
        null,
        null,
        null,
        null,
        null
      ],
      "/Users/darren/Desktop/todos/config/initializers/assets.rb": [
        null,
        null,
        null,
        1,
        null,
        null,
        null,
        null,
        1,
        null,
        null,
        null,
        null,
        null
      ],
      "/Users/darren/Desktop/todos/config/initializers/backtrace_silencers.rb": [
        null,
        null,
        null,
        null,
        null,
        null,
        null
      ],
      "/Users/darren/Desktop/todos/config/initializers/content_security_policy.rb": [
        null,
        null,
        null,
        null,
        null,
        null,
        null,
        null,
        null,
        null,
        null,
        null,
        null,
        null,
        null,
        null,
        null,
        null,
        null,
        null,
        null,
        null,
        null,
        null,
        null
      ],
      "/Users/darren/Desktop/todos/config/initializers/cookies_serializer.rb": [
        null,
        null,
        null,
        null,
        1
      ],
      "/Users/darren/Desktop/todos/config/initializers/devise.rb": [
        null,
        null,
        null,
        null,
        1,
        null,
        null,
        null,
        null,
        null,
        1,
        null,
        null,
        null,
        null,
        null,
        null,
        null,
        null,
        null,
        1,
        null,
        null,
        null,
        null,
        null,
        null,
        null,
        null,
        null,
        null,
        null,
        1,
        null,
        null,
        null,
        null,
        null,
        null,
        null,
        null,
        null,
        null,
        null,
        null,
        null,
        null,
        null,
        null,
        null,
        null,
        null,
        null,
        null,
        1,
        null,
        null,
        null,
        null,
        1,
        null,
        null,
        null,
        null,
        null,
        null,
        null,
        null,
        null,
        null,
        null,
        null,
        null,
        null,
        null,
        null,
        null,
        null,
        null,
        null,
        null,
        null,
        null,
        null,
        null,
        null,
        null,
        null,
        null,
        null,
        1,
        null,
        null,
        null,
        null,
        null,
        null,
        null,
        null,
        null,
        null,
        null,
        null,
        null,
        null,
        null,
        null,
        null,
        null,
        null,
        null,
        null,
        null,
        1,
        null,
        null,
        null,
        null,
        null,
        null,
        null,
        null,
        null,
        null,
        null,
        null,
        null,
        null,
        null,
        null,
        null,
        null,
        null,
        null,
        null,
        null,
        null,
        null,
        null,
        null,
        null,
        null,
        null,
        null,
        1,
        null,
        null,
        null,
        null,
        null,
        null,
        null,
        null,
        null,
        1,
        null,
        null,
        null,
        null,
        null,
        null,
        null,
        null,
        null,
        null,
        1,
        null,
        null,
        null,
        null,
        1,
        null,
        null,
        null,
        null,
        null,
        null,
        null,
        null,
        null,
        null,
        null,
        null,
        null,
        null,
        null,
        null,
        null,
        null,
        null,
        null,
        null,
        null,
        null,
        null,
        null,
        null,
        null,
        null,
        null,
        null,
        null,
        null,
        null,
        null,
        null,
        null,
        null,
        null,
        null,
        null,
        1,
        null,
        null,
        null,
        null,
        null,
        null,
        null,
        null,
        null,
        null,
        null,
        null,
        null,
        null,
        null,
        null,
        null,
        null,
        null,
        1,
        null,
        null,
        null,
        null,
        null,
        null,
        null,
        null,
        null,
        null,
        null,
        null,
        null,
        null,
        null,
        null,
        null,
        null,
        null,
        null,
        null,
        1,
        null,
        null,
        null,
        null,
        null,
        null,
        null,
        null,
        null,
        null,
        null,
        null,
        null,
        null,
        null,
        null,
        null,
        null,
        null,
        null,
        null,
        null,
        null,
        null,
        null,
        null,
        null,
        null,
        null
      ],
      "/Users/darren/Desktop/todos/config/initializers/filter_parameter_logging.rb": [
        null,
        null,
        null,
        1
      ],
      "/Users/darren/Desktop/todos/config/initializers/inflections.rb": [
        null,
        null,
        null,
        null,
        null,
        null,
        null,
        null,
        null,
        null,
        null,
        null,
        null,
        null,
        null,
        null
      ],
      "/Users/darren/Desktop/todos/config/initializers/mime_types.rb": [
        null,
        null,
        null,
        null
      ],
      "/Users/darren/Desktop/todos/config/initializers/react_server_rendering.rb": [
        null,
        1
      ],
      "/Users/darren/Desktop/todos/config/initializers/wrap_parameters.rb": [
        null,
        null,
        null,
        null,
        null,
        null,
        1,
        1,
        null,
        null,
        null,
        null,
        null,
        null
      ],
      "/Users/darren/Desktop/todos/config/routes.rb": [
        1,
        1,
        null,
        1,
        null,
        1,
        null,
        null,
        null,
        1,
        1,
        null,
        null
      ],
      "/Users/darren/Desktop/todos/app/models/user.rb": [
        1,
        null,
        null,
        1,
        null,
        1,
        1,
        null,
        1,
        40,
        null,
        1,
        null,
        1,
        27,
        null,
        null
      ],
      "/Users/darren/Desktop/todos/app/models/application_record.rb": [
        1,
        1,
        null
      ],
      "/Users/darren/Desktop/todos/app/helpers/application_helper.rb": [
        1,
        null
      ],
      "/Users/darren/Desktop/todos/spec/support/factory_bot.rb": [
        1,
        1,
        2,
        null
      ],
      "/Users/darren/Desktop/todos/spec/support/controller_macros.rb": [
        1,
        1,
        0,
        0,
        0,
        0,
        null,
        null,
        null
      ],
      "/Users/darren/Desktop/todos/spec/support/devise.rb": [
        1,
        1,
        1,
        null,
        1,
        1,
        1,
        1,
        null
      ],
      "/Users/darren/Desktop/todos/spec/support/request_spec_helper.rb": [
        1,
        1,
        null,
        1,
        35,
        35,
        null,
        null,
        1,
        33,
        null,
        null,
        1,
        0,
        null,
        null,
        1,
        1,
        33,
        null,
        null,
        null
      ],
      "/Users/darren/Desktop/todos/spec/support/database_cleaner.rb": [
        1,
        1,
        1,
        1,
        null,
        null,
        1,
        44,
        44,
        null,
        null,
        null
      ],
      "/Users/darren/Desktop/todos/app/controllers/todo_lists_controller.rb": [
        1,
        1,
        null,
        1,
        5,
        5,
        null,
        5,
        null,
        null,
        1,
        3,
        5,
        3,
        null,
        2,
        2,
        null,
        null,
        1,
        6,
        6,
        6,
        null,
        null,
        1,
        6,
        null,
        6,
        6,
        1,
        1,
        null,
        null,
        5,
        null,
        5,
        null,
        null,
        null,
        null,
        null,
        5,
        null,
        5,
        5,
        null,
        null,
        1,
        6,
        null,
        6,
        1,
        1,
        null,
        null,
        5,
        5,
        null,
        null,
        null,
        null,
        5,
        null,
        5,
        5,
        null,
        null,
        1,
        1,
        5,
        null,
        null
      ],
      "/Users/darren/Desktop/todos/app/controllers/application_controller.rb": [
        1,
        null
      ],
      "/Users/darren/Desktop/todos/spec/controllers/todo_listships_controller_spec.rb": [
        1,
        null,
        1,
        15,
        13,
        15,
        null,
        1,
        14,
        14,
        14,
        14,
        null,
        null,
        1,
        14,
        14,
        null,
        null,
        1,
        6,
        null,
        1,
        3,
        null,
        2,
        2,
        null,
        null,
        1,
        3,
        2,
        2,
        null,
        null,
        1,
        1,
        4,
        null,
        1,
        1,
        1,
        null,
        null,
        1,
        1,
        null,
        null,
        null,
        null,
        null,
        null,
        1,
        null,
        2,
        null,
        null,
        null,
        1,
        8,
        null,
        1,
        1,
        2,
        2,
        null,
        null,
        2,
        2,
        null,
        null,
        6,
        null,
        1,
        3,
        null,
        2,
        2,
        null,
        null,
        1,
        5,
        2,
        1,
        1,
        null,
        null,
        null,
        null,
        null,
        1,
        null,
        null,
        null,
        null
      ],
      "/Users/darren/Desktop/todos/spec/models/todo_list_spec.rb": [
        1,
        null,
        1,
        2,
        3,
        null,
        1,
        3,
        null,
        1,
        4,
        1,
        null,
        null,
        1,
        4,
        1,
        1,
        1,
        null,
        null,
        null,
        1,
        2,
        null,
        null
      ],
      "/Users/darren/Desktop/todos/app/models/todo_list.rb": [
        1,
        1,
        1,
        1,
        1,
        null,
        1,
        0,
        null,
        null,
        1,
        2,
        2,
        2,
        null,
        null,
        null,
        1,
        23,
        null,
        null
      ],
      "/Users/darren/Desktop/todos/spec/models/user_spec.rb": [
        1,
        null,
        1,
        2,
        4,
        null,
        1,
        4,
        4,
        null,
        null,
        1,
        1,
        null,
        null,
        1,
        1,
        null,
        null,
        1,
        1,
        1,
        null,
        1,
        3,
        3,
        null,
        null,
        null,
        null
      ],
      "/Users/darren/Desktop/todos/spec/services/event_logger_spec.rb": [
        1,
        null,
        1,
        1,
        6,
        6,
        null,
        1,
        2,
        3,
        null,
        null,
        1,
        1,
        1,
        1,
        null,
        null,
        null,
        null,
        null,
        null,
        null,
        null,
        null,
        1,
        4,
        null,
        1,
        1,
        1,
        1,
        1,
        1,
        1,
        null,
        null,
        null,
        1,
        4,
        null,
        2,
        2,
        2,
        null,
        null,
        null
      ],
      "/Users/darren/Desktop/todos/app/services/event_logger.rb": [
        1,
        1,
        null,
        1,
        null,
        null,
        null,
        null,
        1,
        17,
        null,
        16,
        16,
        null,
        null,
        null,
        null,
        null,
        null,
        null,
        null,
        null,
        null
      ],
      "/Users/darren/Desktop/todos/spec/factories/event_logs.rb": [
        1,
        1,
        null,
        null
      ],
      "/Users/darren/Desktop/todos/app/models/event_log.rb": [
        1,
        1,
        null,
        1,
        1,
        null
      ],
      "/Users/darren/Desktop/todos/spec/factories/todo_lists.rb": [
        1,
        1,
        1,
        null,
        null
      ],
      "/Users/darren/Desktop/todos/spec/factories/todo_listships.rb": [
        1,
        1,
        1,
        null,
        null
      ],
      "/Users/darren/Desktop/todos/spec/factories/todos.rb": [
        1,
        1,
        1,
        null,
        null
      ],
      "/Users/darren/Desktop/todos/spec/factories/users.rb": [
        1,
        1,
        1,
        null,
        1,
        1,
        1,
        1,
        null,
        null,
        1,
        1,
        1,
        1,
        null,
        null,
        1,
        1,
        null,
        null
      ],
      "/Users/darren/Desktop/todos/app/models/todo_listship.rb": [
        1,
        1,
        1,
        null,
        1,
        null,
        1,
        null
      ],
      "/Users/darren/Desktop/todos/app/models/todo.rb": [
        1,
        1,
        1,
        null,
        4,
        1,
        null
      ],
      "/Users/darren/Desktop/todos/app/controllers/todo_listships_controller.rb": [
        1,
        1,
        7,
        null,
        7,
        7,
        2,
        2,
        null,
        null,
        5,
        5,
        2,
        2,
        null,
        null,
        3,
        3,
        3,
        null,
        null,
        null,
        null,
        null,
        null,
        null,
        null,
        3,
        null,
        null,
        1,
        7,
        7,
        7,
        2,
        2,
        null,
        null,
        5,
        5,
        2,
        2,
        null,
        null,
        3,
        null,
        null,
        null,
        null,
        null,
        3,
        3,
        null,
        null,
        1,
        1,
        10,
        null,
        null
      ]
    },
    "timestamp": 1526476713
  }
}
